0 info it worked if it ends with ok
1 verbose cli [ '/home/alex/local/bin/node',
1 verbose cli   '/home/alex/local/bin/npm',
1 verbose cli   'publish',
1 verbose cli   '--tag',
1 verbose cli   'beta' ]
2 info using npm@3.8.9
3 info using node@v5.6.0
4 verbose publish [ '.' ]
5 silly cache add args [ '.', null ]
6 verbose cache add spec .
7 silly cache add parsed spec Result {
7 silly cache add   raw: '.',
7 silly cache add   scope: null,
7 silly cache add   name: null,
7 silly cache add   rawSpec: '.',
7 silly cache add   spec: '/var/www/js/nodejs/How to Write an Open Source JavaScript Library/nietzsche-citation',
7 silly cache add   type: 'directory' }
8 verbose addLocalDirectory /home/alex/.npm/nietzsche-citation/1.2.0-beta.0/package.tgz not in flight; packing
9 verbose correctMkdir /home/alex/.npm correctMkdir not in flight; initializing
10 info lifecycle nietzsche-citation@1.2.0-beta.0~prepublish: nietzsche-citation@1.2.0-beta.0
11 silly lifecycle nietzsche-citation@1.2.0-beta.0~prepublish: no script for prepublish, continuing
12 verbose tar pack [ '/home/alex/.npm/nietzsche-citation/1.2.0-beta.0/package.tgz',
12 verbose tar pack   '/var/www/js/nodejs/How to Write an Open Source JavaScript Library/nietzsche-citation' ]
13 verbose tarball /home/alex/.npm/nietzsche-citation/1.2.0-beta.0/package.tgz
14 verbose folder /var/www/js/nodejs/How to Write an Open Source JavaScript Library/nietzsche-citation
15 verbose addLocalTarball adding from inside cache /home/alex/.npm/nietzsche-citation/1.2.0-beta.0/package.tgz
16 verbose correctMkdir /home/alex/.npm correctMkdir not in flight; initializing
17 silly cache afterAdd nietzsche-citation@1.2.0-beta.0
18 verbose afterAdd /home/alex/.npm/nietzsche-citation/1.2.0-beta.0/package/package.json not in flight; writing
19 verbose correctMkdir /home/alex/.npm correctMkdir not in flight; initializing
20 verbose afterAdd /home/alex/.npm/nietzsche-citation/1.2.0-beta.0/package/package.json written
21 silly publish { name: 'nietzsche-citation',
21 silly publish   version: '1.2.0-beta.0',
21 silly publish   description: 'Get random Nietzsche citat ',
21 silly publish   main: 'src/index.js',
21 silly publish   scripts: { test: 'echo "Error: no test specified" && exit 1' },
21 silly publish   repository:
21 silly publish    { type: 'git',
21 silly publish      url: 'git+https://github.com/amplituda/nietzsche-citation.git' },
21 silly publish   keywords: [ 'nietzsche', 'example' ],
21 silly publish   author: { name: 'alex' },
21 silly publish   license: 'MIT',
21 silly publish   bugs: { url: 'https://github.com/amplituda/nietzsche-citation/issues' },
21 silly publish   homepage: 'https://github.com/amplituda/nietzsche-citation#readme',
21 silly publish   dependencies: { 'unique-random-array': '1.0.0' },
21 silly publish   readme: '# nietzsche-citation\n\ninspired by Kent C. Dodds\n\nhow to Write an Open Source JavaScript Library\n\nhttps://egghead.io/series/how-to-write-an-open-source-javascript-library\n\n',
21 silly publish   readmeFilename: 'README.md',
21 silly publish   gitHead: 'c06531eca5b79678fe5f8ba98f68600e9a0ccfff',
21 silly publish   _id: 'nietzsche-citation@1.2.0-beta.0',
21 silly publish   _shasum: '798b0eef2f1adc59efbf48657821a7761ccba897',
21 silly publish   _from: '.' }
22 verbose getPublishConfig undefined
23 silly mapToRegistry name nietzsche-citation
24 silly mapToRegistry using default registry
25 silly mapToRegistry registry https://registry.npmjs.org/
26 silly mapToRegistry data Result {
26 silly mapToRegistry   raw: 'nietzsche-citation',
26 silly mapToRegistry   scope: null,
26 silly mapToRegistry   name: 'nietzsche-citation',
26 silly mapToRegistry   rawSpec: '',
26 silly mapToRegistry   spec: 'latest',
26 silly mapToRegistry   type: 'tag' }
27 silly mapToRegistry uri https://registry.npmjs.org/nietzsche-citation
28 verbose publish registryBase https://registry.npmjs.org/
29 silly publish uploading /home/alex/.npm/nietzsche-citation/1.2.0-beta.0/package.tgz
30 verbose request uri https://registry.npmjs.org/nietzsche-citation
31 verbose request sending authorization for write operation
32 info attempt registry request try #1 at 6:11:02 PM
33 verbose request using bearer token for auth
34 verbose request id a838531dc230e0e6
35 http request PUT https://registry.npmjs.org/nietzsche-citation
36 http 403 https://registry.npmjs.org/nietzsche-citation
37 verbose headers { 'content-type': 'application/json',
37 verbose headers   'cache-control': 'max-age=300',
37 verbose headers   'content-length': '102',
37 verbose headers   'accept-ranges': 'bytes',
37 verbose headers   date: 'Wed, 11 May 2016 16:11:04 GMT',
37 verbose headers   via: '1.1 varnish',
37 verbose headers   connection: 'keep-alive',
37 verbose headers   'x-served-by': 'cache-fra1228-FRA',
37 verbose headers   'x-cache': 'MISS',
37 verbose headers   'x-cache-hits': '0',
37 verbose headers   'x-timer': 'S1462983063.701369,VS0,VE1016',
37 verbose headers   vary: 'Accept-Encoding' }
38 verbose request invalidating /home/alex/.npm/registry.npmjs.org/nietzsche-citation on PUT
39 error publish Failed PUT 403
40 verbose stack Error: "You cannot publish over the previously published version 1.2.0-beta.0." : nietzsche-citation
40 verbose stack     at makeError (/home/alex/local/lib/node_modules/npm/node_modules/npm-registry-client/lib/request.js:264:12)
40 verbose stack     at CachingRegistryClient.<anonymous> (/home/alex/local/lib/node_modules/npm/node_modules/npm-registry-client/lib/request.js:252:14)
40 verbose stack     at Request._callback (/home/alex/local/lib/node_modules/npm/node_modules/npm-registry-client/lib/request.js:172:14)
40 verbose stack     at Request.self.callback (/home/alex/local/lib/node_modules/npm/node_modules/request/request.js:200:22)
40 verbose stack     at emitTwo (events.js:100:13)
40 verbose stack     at Request.emit (events.js:185:7)
40 verbose stack     at Request.<anonymous> (/home/alex/local/lib/node_modules/npm/node_modules/request/request.js:1067:10)
40 verbose stack     at emitOne (events.js:95:20)
40 verbose stack     at Request.emit (events.js:182:7)
40 verbose stack     at IncomingMessage.<anonymous> (/home/alex/local/lib/node_modules/npm/node_modules/request/request.js:988:12)
41 verbose statusCode 403
42 verbose pkgid nietzsche-citation
43 verbose cwd /var/www/js/nodejs/How to Write an Open Source JavaScript Library/nietzsche-citation
44 error Linux 3.2.0-102-generic
45 error argv "/home/alex/local/bin/node" "/home/alex/local/bin/npm" "publish" "--tag" "beta"
46 error node v5.6.0
47 error npm  v3.8.9
48 error code E403
49 error "You cannot publish over the previously published version 1.2.0-beta.0." : nietzsche-citation
50 error If you need help, you may report this error at:
50 error     <https://github.com/npm/npm/issues>
51 verbose exit [ 1, true ]
